<?xml version="1.0" encoding="UTF-8"?>
<!-- Generated by org.testng.reporters.JUnitXMLReporter -->
<testsuite ignored="0" hostname="DESKTOP-SUS635L" failures="0" tests="6" name="TutorialsNinja Tests" time="41.613" errors="0" timestamp="2023-05-16T10:00:30 IST">
  <testcase classname="com.tutorialsninja.qa.testcases.Login" name="verifyLoginWithValidCredentials" time="0.827"/>
  <testcase classname="com.tutorialsninja.qa.testcases.Login" name="verifyLoginWithValidCredentials" time="0.783"/>
  <testcase classname="com.tutorialsninja.qa.testcases.Login" name="verifyLoginWithValidCredentials" time="0.885"/>
  <testcase classname="com.tutorialsninja.qa.testcases.Login" name="verifyLoginWithInValidCredentials" time="0.714"/>
  <testcase classname="com.tutorialsninja.qa.testcases.Login" name="verifyLoginWithInValidEmailValidPassword" time="1.008"/>
  <testcase classname="com.tutorialsninja.qa.testcases.Login" name="verifyLoginWithValidEmailInValidPassword" time="0.693"/>
</testsuite> <!-- TutorialsNinja Tests -->
